warning: method `increment_nonce` is never used
  --> src/servers/state.rs:79:9
   |
23 | impl StateConfig {
   | ---------------- method in this implementation
...
79 |     pub fn increment_nonce(&mut self) {
   |            ^^^^^^^^^^^^^^^
   |
   = note: `#[warn(dead_code)]` on by default

warning: `sgx_server` (bin "sgx_server") generated 1 warning
    Finished release [optimized] target(s) in 0.21s
creating binary checksum ...
signing the binary ...
Using payload from: /opt/dev0_test/cluster_new_1/enclave_1/gramine/bin/sgx_server

port:		 [0;92m9010[0m
domain name:	 [0;92mdev-c1n1.ternoa.network[0m

[1;97mCreating Enclave [0m...
[0mView [0;94m/opt/dev0_test/cluster_new_1/enclave_1/gramine/make.log[0m for enclave details.

[1;97mInitializing Enclave : 77[7m30 seconds(B[m87[7m29 seconds(B[m87[7m28 seconds(B[m87[7m27 seconds(B[m87[7m26 seconds(B[m87[7m25 seconds(B[m87[7m24 seconds(B[m87[7m23 seconds(B[m87[7m22 seconds(B[m87[7m21 seconds(B[m87[7m20 seconds(B[m87[7m19 seconds(B[m87[7m18 seconds(B[m87[7m17 seconds(B[m87[7m16 seconds(B[m87[7m15 seconds(B[m87[7m14 seconds(B[m87[7m13 seconds(B[m87[7m12 seconds(B[m87[7m11 seconds(B[m87[7m10 seconds(B[m87[7m9 seconds(B[m87[7m8 seconds(B[m87[7m7 seconds(B[m87[7m6 seconds(B[m87[7m5 seconds(B[m87[7m4 seconds(B[m87[7m3 seconds(B[m87[7m2 seconds(B[m8
[0mView [0;94m/opt/dev0_test/cluster_new_1/enclave_1/gramine/make.log[0m for enclave details.

Testing the server health with this command : curl -s https://dev-c1n1.ternoa.network:9010/api/health | jq .


